<?xml version="1.0" encoding="UTF-8"?>
<!-- Generated by org.testng.reporters.JUnitXMLReporter -->
<testsuite ignored="0" hostname="AirvonSivananda" failures="0" tests="3" name="Default test" time="54.668" errors="0" timestamp="2024-12-01T19:55:58 CET">
  <testcase classname="testcases.LoginTest" name="testLoginFailureOnWrongEmail" time="17.233"/>
  <testcase classname="testcases.LoginTest" name="testLoginFailureOnWrongPassword" time="9.635"/>
  <testcase classname="testcases.LoginTest" name="testSuccessfullLogin" time="27.647"/>
</testsuite> <!-- Default test -->
