<?xml version="1.0" encoding="UTF-8"?>
<testng-results ignored="0" total="3" passed="3" failed="0" skipped="0">
  <reporter-output>
  </reporter-output>
  <suite started-at="2024-12-01T19:55:03 CET" name="Default suite" finished-at="2024-12-01T19:55:58 CET" duration-ms="54668">
    <groups>
    </groups>
    <test started-at="2024-12-01T19:55:03 CET" name="Default test" finished-at="2024-12-01T19:55:58 CET" duration-ms="54668">
      <class name="testcases.LoginTest">
        <test-method is-config="true" signature="setUp()[pri:0, instance:testcases.LoginTest@24aed80c]" started-at="2024-12-01T19:54:58 CET" name="setUp" finished-at="2024-12-01T19:55:03 CET" duration-ms="5096" status="PASS">
          <reporter-output>
          </reporter-output>
        </test-method> <!-- setUp -->
        <test-method signature="testLoginFailureOnWrongEmail()[pri:1, instance:testcases.LoginTest@24aed80c]" started-at="2024-12-01T19:55:03 CET" name="testLoginFailureOnWrongEmail" finished-at="2024-12-01T19:55:21 CET" duration-ms="17233" status="PASS">
          <reporter-output>
          </reporter-output>
        </test-method> <!-- testLoginFailureOnWrongEmail -->
        <test-method signature="testLoginFailureOnWrongPassword()[pri:2, instance:testcases.LoginTest@24aed80c]" started-at="2024-12-01T19:55:21 CET" name="testLoginFailureOnWrongPassword" finished-at="2024-12-01T19:55:30 CET" duration-ms="9635" status="PASS">
          <reporter-output>
          </reporter-output>
        </test-method> <!-- testLoginFailureOnWrongPassword -->
        <test-method signature="testSuccessfullLogin()[pri:3, instance:testcases.LoginTest@24aed80c]" started-at="2024-12-01T19:55:30 CET" name="testSuccessfullLogin" finished-at="2024-12-01T19:55:58 CET" duration-ms="27647" status="PASS">
          <reporter-output>
          </reporter-output>
        </test-method> <!-- testSuccessfullLogin -->
        <test-method is-config="true" signature="tearDown()[pri:0, instance:testcases.LoginTest@24aed80c]" started-at="2024-12-01T19:55:58 CET" name="tearDown" finished-at="2024-12-01T19:55:59 CET" duration-ms="767" status="PASS">
          <reporter-output>
          </reporter-output>
        </test-method> <!-- tearDown -->
      </class> <!-- testcases.LoginTest -->
    </test> <!-- Default test -->
  </suite> <!-- Default suite -->
</testng-results>
